[04:41:26] [main/INFO]: Environment: authHost='https://authserver.mojang.com', accountsHost='https://api.mojang.com', sessionHost='https://sessionserver.mojang.com', servicesHost='https://api.minecraftservices.com', name='PROD'
[04:41:28] [main/INFO]: Reloading ResourceManager: Default, bukkit
[04:41:32] [Worker-Main-1/INFO]: Loaded 7 recipes
[04:41:37] [Server thread/INFO]: Starting minecraft server version 1.17.1
[04:41:37] [Server thread/INFO]: Loading properties
[04:41:37] [Server thread/INFO]: This server is running Paper version git-Paper-266 (MC: 1.17.1) (Implementing API version 1.17.1-R0.1-SNAPSHOT) (Git: 0d19cd7)
[04:41:38] [Server thread/INFO]: Server Ping Player Sample Count: 12
[04:41:38] [Server thread/INFO]: Using 4 threads for Netty based IO
[04:41:38] [Server thread/INFO]: Default game type: SURVIVAL
[04:41:38] [Server thread/INFO]: Generating keypair
[04:41:38] [Server thread/INFO]: Starting Minecraft server on *:25565
[04:41:39] [Server thread/INFO]: Using default channel type
[04:41:39] [Server thread/INFO]: Paper: Using Java 11 compression from Velocity.
[04:41:39] [Server thread/INFO]: Paper: Using Java cipher from Velocity.
[04:41:40] [Server thread/INFO]: [CoreProtect] Loading CoreProtect v20.1
[04:41:40] [Server thread/INFO]: [ThirdLife] Loading ThirdLife v1.5.7
[04:41:40] [Server thread/INFO]: [OpenInv] Loading OpenInv v4.1.8
[04:41:40] [Server thread/INFO]: Server permissions file permissions.yml is empty, ignoring it
[04:41:40] [Server thread/WARN]: **** SERVER IS RUNNING IN OFFLINE/INSECURE MODE!
[04:41:40] [Server thread/WARN]: The server will make no attempt to authenticate usernames. Beware.
[04:41:40] [Server thread/WARN]: Whilst this makes it possible to use BungeeCord, unless access to your server is properly restricted, it also opens up the ability for hackers to connect with any username they choose.
[04:41:40] [Server thread/WARN]: Please see http://www.spigotmc.org/wiki/firewall-guide/ for further information.
[04:41:40] [Server thread/WARN]: To change this, set "online-mode" to "true" in the server.properties file.
[04:41:40] [Server thread/INFO]: Preparing level "world"
[04:41:42] [Server thread/INFO]: Preparing start region for dimension minecraft:overworld
[04:41:45] [Server thread/INFO]: Time elapsed: 2727 ms
[04:41:45] [Server thread/INFO]: Preparing start region for dimension minecraft:the_nether
[04:41:47] [Server thread/INFO]: Time elapsed: 1531 ms
[04:41:47] [Server thread/INFO]: Preparing start region for dimension minecraft:the_end
[04:41:47] [Server thread/INFO]: Time elapsed: 836 ms
[04:41:47] [Server thread/INFO]: [CoreProtect] Enabling CoreProtect v20.1
[04:41:49] [Server thread/INFO]: [CoreProtect] CoreProtect has been successfully enabled! 
[04:41:49] [Server thread/INFO]: [CoreProtect] Using SQLite for data storage.
[04:41:49] [Server thread/INFO]: --------------------
[04:41:49] [Server thread/INFO]: [CoreProtect] Enjoy CoreProtect? Join our Discord!
[04:41:49] [Server thread/INFO]: [CoreProtect] Discord: www.coreprotect.net/discord/
[04:41:49] [Server thread/INFO]: --------------------
[04:41:49] [Server thread/INFO]: [ThirdLife] Enabling ThirdLife v1.5.7
[04:41:50] [Server thread/INFO]: [ThirdLife] [36mThirdLife [33mv1.5.7[37m[1m [[32mOnline[37m[1m]
[04:41:50] [Server thread/INFO]: [ThirdLife] [33mPlaceHolderAPI not detected, some [36mThirdLife[33m plugin features will not be available
[04:41:50] [Server thread/INFO]: [OpenInv] Enabling OpenInv v4.1.8
[04:41:51] [Server thread/INFO]: Running delayed init tasks
[04:41:51] [Server thread/INFO]: Done (13.457s)! For help, type "help"
[04:41:51] [Server thread/INFO]: Timings Reset
[04:42:10] [Server thread/WARN]: Can't keep up! Is the server overloaded? Running 5014ms or 100 ticks behind
[04:44:03] [User Authenticator #1/INFO]: UUID of player iiiAlphabet is 5728b760-b7c2-481d-9b10-b87c22f239d8
[04:44:04] [Server thread/INFO]: iiiAlphabet joined the game
[04:44:04] [Server thread/INFO]: iiiAlphabet[/175.36.222.216:49200] logged in with entity id 342 at ([world]-271.9052727242703, 63.0, -93.74608567832162)
[04:44:10] [Server thread/WARN]: Can't keep up! Is the server overloaded? Running 5122ms or 102 ticks behind
[04:44:14] [User Authenticator #1/INFO]: UUID of player Necromancer01 is 385548fb-a1b3-4858-9f29-de0956a67669
[04:44:14] [Server thread/INFO]: Necromancer01 joined the game
[04:44:14] [Server thread/INFO]: Necromancer01[/220.244.205.202:49201] logged in with entity id 547 at ([world]-405.73277011016376, 64.11425927506424, 38.43754402272861)
[04:45:00] [Server thread/INFO]: Necromancer01 issued server command: /banlist
[04:45:13] [User Authenticator #1/INFO]: UUID of player Chumpe is 640d0899-4128-42a9-ad30-78e1a00bb190
[04:45:13] [Server thread/INFO]: Chumpe joined the game
[04:45:14] [Server thread/INFO]: Chumpe[/175.36.59.115:56428] logged in with entity id 927 at ([world]-451.46029870864305, 62.0, 49.23750001192093)
[04:45:15] [Server thread/INFO]: Necromancer01 issued server command: /ban Kaaplot
[04:45:15] [Server thread/INFO]: [Necromancer01: Banned Kaaplot: Banned by an operator.]
[04:45:20] [User Authenticator #1/INFO]: UUID of player mrspiderforeman is f925e43c-009f-4fce-9a51-faf22112affa
[04:45:20] [Server thread/INFO]: mrspiderforeman joined the game
[04:45:20] [Server thread/INFO]: mrspiderforeman[/49.197.130.31:56429] logged in with entity id 941 at ([world]-416.0140457612848, 64.0, 28.55929110862952)
[04:46:20] [Server thread/INFO]: iiiAlphabet issued server command: /openinv Necromancer01
[04:46:37] [Server thread/INFO]: iiiAlphabet issued server command: /openinv Necromancer01
[04:46:53] [Server thread/INFO]: iiiAlphabet issued server command: /openinv Necromancer01
[04:47:24] [Server thread/INFO]: mrspiderforeman has made the advancement [Fishy Business]
[04:47:28] [User Authenticator #2/INFO]: UUID of player KingPlague1124 is 3edc9479-4bef-48c8-b753-f587db235ec5
[04:47:28] [Server thread/INFO]: KingPlague1124 joined the game
[04:47:28] [Server thread/INFO]: KingPlague1124[/14.201.253.37:65189] logged in with entity id 1439 at ([world]-170.99718333579, 78.26751238946095, 3.2126805099590783)
[04:48:01] [Server thread/INFO]: Chumpe has made the advancement [Fishy Business]
[04:48:22] [Server thread/INFO]: Necromancer01 has made the advancement [Fishy Business]
[04:48:26] [Server thread/WARN]: Can't keep up! Is the server overloaded? Running 5085ms or 101 ticks behind
[04:48:30] [Server thread/INFO]: Chumpe has made the advancement [Sweet Dreams]
[04:49:22] [Server thread/WARN]: Can't keep up! Is the server overloaded? Running 5042ms or 100 ticks behind
[04:50:05] [Server thread/WARN]: Can't keep up! Is the server overloaded? Running 13822ms or 276 ticks behind
[04:50:33] [Server thread/INFO]: KingPlague1124 has made the advancement [Stone Age]
[04:50:48] [Server thread/WARN]: Can't keep up! Is the server overloaded? Running 12868ms or 257 ticks behind
[04:51:02] [Server thread/INFO]: KingPlague1124 was shot by Skeleton
[04:51:27] [Server thread/WARN]: Can't keep up! Is the server overloaded? Running 9233ms or 184 ticks behind
[04:51:49] [Server thread/INFO]: KingPlague1124 lost connection: Disconnected
[04:51:49] [Server thread/INFO]: KingPlague1124 left the game
[04:51:52] [User Authenticator #3/INFO]: UUID of player KingPlague1124 is 3edc9479-4bef-48c8-b753-f587db235ec5
[04:51:52] [Server thread/INFO]: KingPlague1124 joined the game
[04:51:52] [Server thread/INFO]: KingPlague1124[/14.201.253.37:65200] logged in with entity id 3834 at ([world]1.8977983609080196, 74.0, -25.354906112764525)
[04:51:56] [Server thread/INFO]: KingPlague1124 lost connection: Disconnected
[04:51:56] [Server thread/INFO]: KingPlague1124 left the game
[04:55:20] [Server thread/INFO]: iiiAlphabet issued server command: /gamerule randomTickSpeed 200
[04:55:20] [Server thread/INFO]: [iiiAlphabet: Gamerule randomTickSpeed is now set to: 200]
[04:55:37] [Server thread/INFO]: iiiAlphabet issued server command: /gamerule randomTickSpeed 3
[04:55:37] [Server thread/INFO]: [iiiAlphabet: Gamerule randomTickSpeed is now set to: 3]
[04:58:40] [Server thread/INFO]: iiiAlphabet issued server command: /trigger
[05:01:56] [Server thread/INFO]: iiiAlphabet issued server command: /gamerule spawnRadius 1
[05:01:56] [Server thread/INFO]: [iiiAlphabet: Gamerule spawnRadius is now set to: 1]
[05:05:02] [Server thread/INFO]: iiiAlphabet issued server command: /give Necromancer01 minecraft:tall_grass
[05:05:02] [Server thread/INFO]: [iiiAlphabet: Gave 1 [Tall Grass] to Necromancer01]
[05:09:19] [Server thread/WARN]: Can't keep up! Is the server overloaded? Running 5086ms or 101 ticks behind
[05:12:06] [Async Chat Thread - #0/INFO]: <iiiAlphabet [5]> brb 10 mins
[05:12:11] [Async Chat Thread - #0/INFO]: <iiiAlphabet [5]> linch
[05:12:13] [Async Chat Thread - #0/INFO]: <iiiAlphabet [5]> lunch
[05:13:03] [Server thread/WARN]: Can't keep up! Is the server overloaded? Running 5008ms or 100 ticks behind
[05:13:38] [Server thread/WARN]: Can't keep up! Is the server overloaded? Running 5013ms or 100 ticks behind
[05:14:15] [Server thread/WARN]: Can't keep up! Is the server overloaded? Running 5002ms or 100 ticks behind
[05:15:01] [Server thread/WARN]: Can't keep up! Is the server overloaded? Running 5055ms or 101 ticks behind
[05:15:39] [Server thread/WARN]: Can't keep up! Is the server overloaded? Running 7967ms or 159 ticks behind
[05:22:31] [Server thread/INFO]: Necromancer01 has made the advancement [Sweet Dreams]
[05:22:39] [Server thread/INFO]: iiiAlphabet lost connection: Disconnected
[05:22:39] [Server thread/INFO]: iiiAlphabet left the game
[05:22:43] [User Authenticator #4/INFO]: UUID of player iiiAlphabet is 5728b760-b7c2-481d-9b10-b87c22f239d8
[05:22:44] [Server thread/INFO]: iiiAlphabet joined the game
[05:22:44] [Server thread/INFO]: iiiAlphabet[/175.36.222.216:60749] logged in with entity id 15507 at ([world]69.15966261655205, 70.0, 29.28811253310385)
[05:28:52] [Server thread/INFO]: Necromancer01 has made the advancement [The Parrots and the Bats]
[05:31:30] [Server thread/INFO]: Chumpe lost connection: Disconnected
[05:31:30] [Server thread/INFO]: Chumpe left the game
[05:31:33] [Server thread/WARN]: Necromancer01 was kicked due to keepalive timeout!
[05:31:33] [Server thread/INFO]: Necromancer01 lost connection: Timed out
[05:31:33] [Server thread/INFO]: Necromancer01 left the game
[05:31:37] [User Authenticator #5/INFO]: UUID of player Chumpe is 640d0899-4128-42a9-ad30-78e1a00bb190
[05:31:37] [Server thread/INFO]: Chumpe joined the game
[05:31:37] [Server thread/INFO]: Chumpe[/175.36.59.115:57321] logged in with entity id 18262 at ([world]-438.9945573234837, 63.0, 58.2774017695477)
[05:31:38] [Server thread/WARN]: mrspiderforeman was kicked due to keepalive timeout!
[05:31:38] [Server thread/INFO]: mrspiderforeman lost connection: Timed out
[05:31:38] [Server thread/INFO]: mrspiderforeman left the game
[05:31:53] [Server thread/INFO]: iiiAlphabet lost connection: Disconnected
[05:31:53] [Server thread/INFO]: iiiAlphabet left the game
[05:32:08] [User Authenticator #5/INFO]: UUID of player iiiAlphabet is 5728b760-b7c2-481d-9b10-b87c22f239d8
[05:32:08] [Server thread/INFO]: iiiAlphabet joined the game
[05:32:08] [Server thread/INFO]: iiiAlphabet[/175.36.222.216:57324] logged in with entity id 18345 at ([world]143.47539585844848, 65.0, 243.57352505535667)
[05:32:10] [Server thread/INFO]: Chumpe lost connection: Disconnected
[05:32:10] [Server thread/INFO]: Chumpe left the game
[05:32:12] [User Authenticator #5/INFO]: UUID of player Necromancer01 is 385548fb-a1b3-4858-9f29-de0956a67669
[05:32:12] [Server thread/INFO]: Necromancer01 joined the game
[05:32:12] [Server thread/INFO]: Necromancer01[/220.244.205.202:57326] logged in with entity id 18586 at ([world]-450.16823569017504, 71.67675927506424, 47.20235931260227)
[05:32:16] [User Authenticator #5/INFO]: UUID of player Chumpe is 640d0899-4128-42a9-ad30-78e1a00bb190
[05:32:16] [Server thread/INFO]: Chumpe joined the game
[05:32:16] [Server thread/INFO]: Chumpe[/175.36.59.115:57328] logged in with entity id 18601 at ([world]-438.9945573234837, 63.0, 58.2774017695477)
[05:32:20] [Server thread/INFO]: Chumpe lost connection: Disconnected
[05:32:20] [Server thread/INFO]: Chumpe left the game
[05:32:28] [Server thread/INFO]: Necromancer01 lost connection: Disconnected
[05:32:28] [Server thread/INFO]: Necromancer01 left the game
[05:32:38] [Server thread/INFO]: iiiAlphabet lost connection: Disconnected
[05:32:38] [Server thread/INFO]: iiiAlphabet left the game
[05:33:01] [Server thread/INFO]: Stopping the server
[05:33:01] [Server thread/INFO]: Stopping server
[05:33:01] [Server thread/INFO]: [OpenInv] Disabling OpenInv v4.1.8
[05:33:01] [Server thread/INFO]: [ThirdLife] Disabling ThirdLife v1.5.7
[05:33:01] [Server thread/INFO]: [CoreProtect] Disabling CoreProtect v20.1
[05:33:01] [Server thread/INFO]: [CoreProtect] Finishing up data logging. Please wait...
[05:33:02] [Server thread/INFO]: [CoreProtect] Success! Disabled CoreProtect v20.1
[05:33:02] [Server thread/INFO]: Saving players
[05:33:02] [Server thread/INFO]: Saving worlds
[05:33:02] [Server thread/INFO]: Saving chunks for level 'ServerLevel[world]'/minecraft:overworld
[05:33:05] [Server thread/INFO]: Saving chunks for level 'ServerLevel[world_nether]'/minecraft:the_nether
[05:33:05] [Server thread/INFO]: Saving chunks for level 'ServerLevel[world_the_end]'/minecraft:the_end
[05:33:05] [Server thread/INFO]: ThreadedAnvilChunkStorage (world): All chunks are saved
[05:33:05] [Server thread/INFO]: ThreadedAnvilChunkStorage (DIM-1): All chunks are saved
[05:33:05] [Server thread/INFO]: ThreadedAnvilChunkStorage (DIM1): All chunks are saved
[05:33:05] [Server thread/INFO]: ThreadedAnvilChunkStorage: All dimensions are saved
[05:33:10] [Server thread/INFO]: Flushing Chunk IO
[05:33:10] [Server thread/INFO]: Closing Thread Pool
[05:33:10] [Server thread/INFO]: Closing Server
